2025-07-26 12:50:30,094 | INFO | DualBrainLogAnalyzer started
2025-07-26 12:50:30,096 | INFO | Unified interface started
2025-07-26 12:50:30,097 | INFO | Evolution cycle 1: perf=51.89%, intelligence=43.14, improvements=1
2025-07-26 12:50:40,097 | INFO | Evolution cycle 2: perf=58.39%, intelligence=44.90, improvements=1
2025-07-26 12:50:50,098 | INFO | Evolution cycle 3: perf=50.95%, intelligence=43.29, improvements=1
2025-07-26 12:52:13,780 | INFO | DualBrainLogAnalyzer started
2025-07-26 12:52:13,780 | INFO | GitHub token not found. Set GITHUB_TOKEN environment variable.
2025-07-26 12:52:13,782 | INFO | Unified interface started
2025-07-26 12:52:13,782 | INFO | Evolution cycle 1: perf=48.63%, intelligence=40.02, improvements=2
2025-07-26 12:52:23,785 | INFO | Evolution cycle 2: perf=55.00%, intelligence=43.13, improvements=5
2025-07-26 12:52:25,532 | INFO | Docker контейнеры запущены через API
2025-07-26 12:52:33,785 | INFO | Evolution cycle 3: perf=57.66%, intelligence=41.44, improvements=4
2025-07-26 12:53:01,033 | INFO | DualBrainLogAnalyzer started
2025-07-26 12:53:01,033 | INFO | GitHub token not found. Set GITHUB_TOKEN environment variable.
2025-07-26 12:53:01,035 | INFO | Unified interface started
2025-07-26 12:53:01,035 | INFO | Evolution cycle 1: perf=54.36%, intelligence=40.39, improvements=3
2025-07-26 12:53:11,037 | INFO | Evolution cycle 2: perf=59.07%, intelligence=41.09, improvements=2
2025-07-26 12:53:21,037 | INFO | Evolution cycle 3: perf=56.77%, intelligence=43.19, improvements=3
2025-07-26 12:53:31,037 | INFO | Evolution cycle 4: perf=60.32%, intelligence=48.69, improvements=6
2025-07-26 12:53:41,038 | INFO | Evolution cycle 5: perf=62.51%, intelligence=45.92, improvements=2
2025-07-26 12:53:51,038 | INFO | Evolution cycle 6: perf=58.81%, intelligence=50.79, improvements=4
2025-07-26 12:54:01,038 | INFO | Evolution cycle 7: perf=65.08%, intelligence=49.35, improvements=2
2025-07-26 12:54:11,039 | INFO | Evolution cycle 8: perf=65.20%, intelligence=52.96, improvements=1
2025-07-26 12:54:21,039 | INFO | Evolution cycle 9: perf=63.91%, intelligence=52.60, improvements=2
2025-07-26 12:54:31,040 | INFO | Evolution cycle 10: perf=70.09%, intelligence=55.57, improvements=6
2025-07-26 12:54:41,041 | INFO | Evolution cycle 11: perf=71.99%, intelligence=57.21, improvements=4
2025-07-26 12:54:51,041 | INFO | Evolution cycle 12: perf=68.65%, intelligence=54.94, improvements=2
2025-07-26 12:55:01,042 | INFO | Evolution cycle 13: perf=69.32%, intelligence=62.47, improvements=3
2025-07-26 12:55:11,042 | INFO | Evolution cycle 14: perf=78.65%, intelligence=60.04, improvements=3
2025-07-26 12:55:21,043 | INFO | Evolution cycle 15: perf=81.01%, intelligence=62.68, improvements=3
2025-07-26 12:55:31,043 | INFO | Evolution cycle 16: perf=82.38%, intelligence=60.70, improvements=4
2025-07-26 12:55:41,043 | INFO | Evolution cycle 17: perf=84.11%, intelligence=61.66, improvements=3
2025-07-26 12:55:51,044 | INFO | Evolution cycle 18: perf=84.20%, intelligence=67.84, improvements=3
2025-07-26 12:56:01,044 | INFO | Evolution cycle 19: perf=82.00%, intelligence=70.22, improvements=8
2025-07-26 12:56:11,045 | INFO | Evolution cycle 20: perf=89.43%, intelligence=69.66, improvements=4
2025-07-26 12:56:21,046 | INFO | Evolution cycle 21: perf=90.30%, intelligence=70.62, improvements=4
2025-07-26 12:56:31,046 | INFO | Evolution cycle 22: perf=94.62%, intelligence=76.66, improvements=3
2025-07-26 12:56:41,046 | INFO | Evolution cycle 23: perf=96.47%, intelligence=72.65, improvements=3
2025-07-26 12:56:51,047 | INFO | Evolution cycle 24: perf=96.00%, intelligence=75.92, improvements=4
2025-07-26 12:57:01,047 | INFO | Evolution cycle 25: perf=97.40%, intelligence=76.93, improvements=4
2025-07-26 12:57:11,048 | INFO | Evolution cycle 26: perf=100.00%, intelligence=76.29, improvements=5
2025-07-26 12:57:21,048 | INFO | Evolution cycle 27: perf=100.00%, intelligence=79.42, improvements=6
2025-07-26 12:57:31,048 | INFO | Evolution cycle 28: perf=99.30%, intelligence=82.44, improvements=4
2025-07-26 12:57:38,711 | INFO | Docker контейнеры запущены через API
2025-07-26 12:57:41,049 | INFO | Evolution cycle 29: perf=100.00%, intelligence=84.69, improvements=4
2025-07-26 12:57:51,049 | INFO | Evolution cycle 30: perf=100.00%, intelligence=85.55, improvements=6
2025-07-26 12:58:01,050 | INFO | Evolution cycle 31: perf=100.00%, intelligence=82.31, improvements=3
2025-07-26 12:58:06,887 | INFO | Эволюция запущена через API
2025-07-26 12:58:11,050 | INFO | Evolution cycle 32: perf=100.00%, intelligence=88.85, improvements=4
2025-07-26 12:58:21,051 | INFO | Evolution cycle 33: perf=100.00%, intelligence=88.47, improvements=4
2025-07-26 12:58:31,051 | INFO | Evolution cycle 34: perf=100.00%, intelligence=89.70, improvements=3
2025-07-26 12:58:41,051 | INFO | Evolution cycle 35: perf=100.00%, intelligence=94.72, improvements=3
2025-07-26 12:58:51,052 | INFO | Evolution cycle 36: perf=100.00%, intelligence=91.81, improvements=6
2025-07-26 12:59:01,052 | INFO | Evolution cycle 37: perf=100.00%, intelligence=99.12, improvements=4
2025-07-26 12:59:11,052 | INFO | Evolution cycle 38: perf=100.00%, intelligence=97.74, improvements=6
2025-07-26 12:59:21,053 | INFO | Evolution cycle 39: perf=100.00%, intelligence=100.00, improvements=5
2025-07-26 12:59:31,054 | INFO | Evolution cycle 40: perf=100.00%, intelligence=99.33, improvements=10
2025-07-26 12:59:41,054 | INFO | Evolution cycle 41: perf=100.00%, intelligence=100.00, improvements=6
2025-07-26 12:59:51,055 | INFO | Evolution cycle 42: perf=100.00%, intelligence=100.00, improvements=6
2025-07-26 13:00:01,055 | INFO | Evolution cycle 43: perf=100.00%, intelligence=100.00, improvements=7
2025-07-26 13:00:11,055 | INFO | Evolution cycle 44: perf=100.00%, intelligence=100.00, improvements=7
2025-07-26 13:00:21,056 | INFO | Evolution cycle 45: perf=100.00%, intelligence=100.00, improvements=6
2025-07-26 13:00:31,056 | INFO | Evolution cycle 46: perf=100.00%, intelligence=100.00, improvements=6
2025-07-26 13:00:41,057 | INFO | Evolution cycle 47: perf=100.00%, intelligence=100.00, improvements=6
2025-07-26 13:00:51,057 | INFO | Evolution cycle 48: perf=100.00%, intelligence=100.00, improvements=5
2025-07-26 13:01:01,058 | INFO | Evolution cycle 49: perf=100.00%, intelligence=100.00, improvements=6
2025-07-26 13:01:11,058 | INFO | Evolution cycle 50: perf=100.00%, intelligence=100.00, improvements=7
2025-07-26 13:01:21,058 | INFO | Evolution cycle 51: perf=100.00%, intelligence=100.00, improvements=6
2025-07-26 13:01:31,059 | INFO | Evolution cycle 52: perf=100.00%, intelligence=100.00, improvements=5
2025-07-26 13:01:41,059 | INFO | Evolution cycle 53: perf=100.00%, intelligence=100.00, improvements=5
2025-07-26 13:01:51,060 | INFO | Evolution cycle 54: perf=100.00%, intelligence=100.00, improvements=11
2025-07-26 13:02:01,060 | INFO | Evolution cycle 55: perf=100.00%, intelligence=100.00, improvements=7
2025-07-26 13:02:11,061 | INFO | Evolution cycle 56: perf=100.00%, intelligence=100.00, improvements=7
2025-07-26 13:02:21,061 | INFO | Evolution cycle 57: perf=100.00%, intelligence=100.00, improvements=7
2025-07-26 13:02:31,062 | INFO | Evolution cycle 58: perf=100.00%, intelligence=100.00, improvements=10
2025-07-26 13:02:41,062 | INFO | Evolution cycle 59: perf=100.00%, intelligence=100.00, improvements=5
2025-07-26 13:02:51,062 | INFO | Evolution cycle 60: perf=100.00%, intelligence=100.00, improvements=9
2025-07-26 13:03:01,063 | INFO | Evolution cycle 61: perf=100.00%, intelligence=100.00, improvements=9
2025-07-26 13:03:11,064 | INFO | Evolution cycle 62: perf=100.00%, intelligence=100.00, improvements=6
2025-07-26 13:03:21,064 | INFO | Evolution cycle 63: perf=100.00%, intelligence=100.00, improvements=7
2025-07-26 13:03:31,064 | INFO | Evolution cycle 64: perf=100.00%, intelligence=100.00, improvements=9
2025-07-26 13:03:41,065 | INFO | Evolution cycle 65: perf=100.00%, intelligence=100.00, improvements=6
2025-07-26 13:03:51,066 | INFO | Evolution cycle 66: perf=100.00%, intelligence=100.00, improvements=6
2025-07-26 13:04:01,066 | INFO | Evolution cycle 67: perf=100.00%, intelligence=100.00, improvements=9
2025-07-26 13:04:11,067 | INFO | Evolution cycle 68: perf=100.00%, intelligence=100.00, improvements=7
2025-07-26 13:04:21,068 | INFO | Evolution cycle 69: perf=100.00%, intelligence=100.00, improvements=9
2025-07-26 13:04:31,068 | INFO | Evolution cycle 70: perf=100.00%, intelligence=100.00, improvements=9
2025-07-26 13:04:41,069 | INFO | Evolution cycle 71: perf=100.00%, intelligence=100.00, improvements=8
2025-07-26 13:04:51,069 | INFO | Evolution cycle 72: perf=100.00%, intelligence=100.00, improvements=7
2025-07-26 13:05:01,070 | INFO | Evolution cycle 73: perf=100.00%, intelligence=100.00, improvements=8
2025-07-26 13:05:11,070 | INFO | Evolution cycle 74: perf=100.00%, intelligence=100.00, improvements=9
2025-07-26 13:05:21,071 | INFO | Evolution cycle 75: perf=100.00%, intelligence=100.00, improvements=9
2025-07-26 13:05:31,071 | INFO | Evolution cycle 76: perf=100.00%, intelligence=100.00, improvements=9
2025-07-26 13:05:41,072 | INFO | Evolution cycle 77: perf=100.00%, intelligence=100.00, improvements=10
2025-07-26 13:05:51,072 | INFO | Evolution cycle 78: perf=100.00%, intelligence=100.00, improvements=8
2025-07-26 13:06:01,073 | INFO | Evolution cycle 79: perf=100.00%, intelligence=100.00, improvements=8
2025-07-26 13:06:11,074 | INFO | Evolution cycle 80: perf=100.00%, intelligence=100.00, improvements=13
2025-07-26 13:06:21,074 | INFO | Evolution cycle 81: perf=100.00%, intelligence=100.00, improvements=10
2025-07-26 13:06:31,075 | INFO | Evolution cycle 82: perf=100.00%, intelligence=100.00, improvements=11
2025-07-26 13:06:41,075 | INFO | Evolution cycle 83: perf=100.00%, intelligence=100.00, improvements=12
2025-07-26 13:06:51,076 | INFO | Evolution cycle 84: perf=100.00%, intelligence=100.00, improvements=11
2025-07-26 13:07:01,076 | INFO | Evolution cycle 85: perf=100.00%, intelligence=100.00, improvements=11
2025-07-26 13:07:11,076 | INFO | Evolution cycle 86: perf=100.00%, intelligence=100.00, improvements=9
2025-07-26 13:07:21,077 | INFO | Evolution cycle 87: perf=100.00%, intelligence=100.00, improvements=10
2025-07-26 13:07:31,077 | INFO | Evolution cycle 88: perf=100.00%, intelligence=100.00, improvements=10
2025-07-26 13:07:41,078 | INFO | Evolution cycle 89: perf=100.00%, intelligence=100.00, improvements=10
2025-07-26 13:07:51,078 | INFO | Evolution cycle 90: perf=100.00%, intelligence=100.00, improvements=11
2025-07-26 13:08:01,078 | INFO | Evolution cycle 91: perf=100.00%, intelligence=100.00, improvements=13
2025-07-26 13:08:11,079 | INFO | Evolution cycle 92: perf=100.00%, intelligence=100.00, improvements=12
2025-07-26 13:08:21,079 | INFO | Evolution cycle 93: perf=100.00%, intelligence=100.00, improvements=15
2025-07-26 13:08:31,080 | INFO | Evolution cycle 94: perf=100.00%, intelligence=100.00, improvements=9
2025-07-26 13:08:41,081 | INFO | Evolution cycle 95: perf=100.00%, intelligence=100.00, improvements=13
2025-07-26 13:08:51,081 | INFO | Evolution cycle 96: perf=100.00%, intelligence=100.00, improvements=10
2025-07-26 13:09:01,082 | INFO | Evolution cycle 97: perf=100.00%, intelligence=100.00, improvements=10
2025-07-26 13:09:11,082 | INFO | Evolution cycle 98: perf=100.00%, intelligence=100.00, improvements=14
2025-07-26 13:09:21,083 | INFO | Evolution cycle 99: perf=100.00%, intelligence=100.00, improvements=10
2025-07-26 13:09:31,083 | INFO | Evolution cycle 100: perf=100.00%, intelligence=100.00, improvements=12
2025-07-26 13:09:41,083 | INFO | Evolution cycle 101: perf=100.00%, intelligence=100.00, improvements=10
2025-07-26 13:09:51,084 | INFO | Evolution cycle 102: perf=100.00%, intelligence=100.00, improvements=14
2025-07-26 13:10:01,084 | INFO | Evolution cycle 103: perf=100.00%, intelligence=100.00, improvements=11
2025-07-26 13:10:11,085 | INFO | Evolution cycle 104: perf=100.00%, intelligence=100.00, improvements=14
2025-07-26 13:10:21,085 | INFO | Evolution cycle 105: perf=100.00%, intelligence=100.00, improvements=12
2025-07-26 13:10:31,086 | INFO | Evolution cycle 106: perf=100.00%, intelligence=100.00, improvements=14
2025-07-26 13:10:41,086 | INFO | Evolution cycle 107: perf=100.00%, intelligence=100.00, improvements=10
2025-07-26 13:10:51,087 | INFO | Evolution cycle 108: perf=100.00%, intelligence=100.00, improvements=12
2025-07-26 13:11:01,087 | INFO | Evolution cycle 109: perf=100.00%, intelligence=100.00, improvements=13
2025-07-26 13:11:11,088 | INFO | Evolution cycle 110: perf=100.00%, intelligence=100.00, improvements=11
2025-07-26 13:11:21,088 | INFO | Evolution cycle 111: perf=100.00%, intelligence=100.00, improvements=11
2025-07-26 13:11:31,088 | INFO | Evolution cycle 112: perf=100.00%, intelligence=100.00, improvements=11
2025-07-26 13:11:41,089 | INFO | Evolution cycle 113: perf=100.00%, intelligence=100.00, improvements=12
2025-07-26 13:11:51,089 | INFO | Evolution cycle 114: perf=100.00%, intelligence=100.00, improvements=11
2025-07-26 13:12:01,090 | INFO | Evolution cycle 115: perf=100.00%, intelligence=100.00, improvements=11
2025-07-26 13:12:11,090 | INFO | Evolution cycle 116: perf=100.00%, intelligence=100.00, improvements=14
2025-07-26 13:12:21,091 | INFO | Evolution cycle 117: perf=100.00%, intelligence=100.00, improvements=14
2025-07-26 13:12:31,091 | INFO | Evolution cycle 118: perf=100.00%, intelligence=100.00, improvements=12
2025-07-26 13:12:41,092 | INFO | Evolution cycle 119: perf=100.00%, intelligence=100.00, improvements=13
2025-07-26 13:12:51,092 | INFO | Evolution cycle 120: perf=100.00%, intelligence=100.00, improvements=15
2025-07-26 13:13:01,092 | INFO | Evolution cycle 121: perf=100.00%, intelligence=100.00, improvements=15
2025-07-26 13:13:11,093 | INFO | Evolution cycle 122: perf=100.00%, intelligence=100.00, improvements=17
2025-07-26 13:13:21,093 | INFO | Evolution cycle 123: perf=100.00%, intelligence=100.00, improvements=15
2025-07-26 13:13:31,094 | INFO | Evolution cycle 124: perf=100.00%, intelligence=100.00, improvements=15
2025-07-26 13:13:41,094 | INFO | Evolution cycle 125: perf=100.00%, intelligence=100.00, improvements=13
2025-07-26 13:13:51,095 | INFO | Evolution cycle 126: perf=100.00%, intelligence=100.00, improvements=14
2025-07-26 13:14:01,095 | INFO | Evolution cycle 127: perf=100.00%, intelligence=100.00, improvements=14
2025-07-26 13:14:11,096 | INFO | Evolution cycle 128: perf=100.00%, intelligence=100.00, improvements=13
2025-07-26 13:14:21,096 | INFO | Evolution cycle 129: perf=100.00%, intelligence=100.00, improvements=13
2025-07-26 13:14:31,097 | INFO | Evolution cycle 130: perf=100.00%, intelligence=100.00, improvements=17
2025-07-26 13:14:41,097 | INFO | Evolution cycle 131: perf=100.00%, intelligence=100.00, improvements=14
2025-07-26 13:14:51,098 | INFO | Evolution cycle 132: perf=100.00%, intelligence=100.00, improvements=15
2025-07-26 13:15:01,098 | INFO | Evolution cycle 133: perf=100.00%, intelligence=100.00, improvements=16
2025-07-26 13:15:11,099 | INFO | Evolution cycle 134: perf=100.00%, intelligence=100.00, improvements=17
2025-07-26 13:15:21,099 | INFO | Evolution cycle 135: perf=100.00%, intelligence=100.00, improvements=13
2025-07-26 13:15:31,099 | INFO | Evolution cycle 136: perf=100.00%, intelligence=100.00, improvements=16
2025-07-26 13:15:41,100 | INFO | Evolution cycle 137: perf=100.00%, intelligence=100.00, improvements=18
2025-07-26 13:15:51,100 | INFO | Evolution cycle 138: perf=100.00%, intelligence=100.00, improvements=14
2025-07-26 13:16:01,101 | INFO | Evolution cycle 139: perf=100.00%, intelligence=100.00, improvements=14
2025-07-26 13:16:11,102 | INFO | Evolution cycle 140: perf=100.00%, intelligence=100.00, improvements=19
2025-07-26 13:16:21,102 | INFO | Evolution cycle 141: perf=100.00%, intelligence=100.00, improvements=16
2025-07-26 13:16:31,102 | INFO | Evolution cycle 142: perf=100.00%, intelligence=100.00, improvements=17
2025-07-26 13:16:41,102 | INFO | Evolution cycle 143: perf=100.00%, intelligence=100.00, improvements=18
2025-07-26 13:16:51,103 | INFO | Evolution cycle 144: perf=100.00%, intelligence=100.00, improvements=16
2025-07-26 13:17:01,103 | INFO | Evolution cycle 145: perf=100.00%, intelligence=100.00, improvements=19
2025-07-26 13:17:11,103 | INFO | Evolution cycle 146: perf=100.00%, intelligence=100.00, improvements=16
2025-07-26 13:17:21,104 | INFO | Evolution cycle 147: perf=100.00%, intelligence=100.00, improvements=17
2025-07-26 13:17:31,105 | INFO | Evolution cycle 148: perf=100.00%, intelligence=100.00, improvements=14
2025-07-26 13:17:41,105 | INFO | Evolution cycle 149: perf=100.00%, intelligence=100.00, improvements=16
2025-07-26 13:17:51,105 | INFO | Evolution cycle 150: perf=100.00%, intelligence=100.00, improvements=20
2025-07-26 13:18:01,106 | INFO | Evolution cycle 151: perf=100.00%, intelligence=100.00, improvements=17
2025-07-26 13:18:11,106 | INFO | Evolution cycle 152: perf=100.00%, intelligence=100.00, improvements=18
2025-07-26 13:18:21,107 | INFO | Evolution cycle 153: perf=100.00%, intelligence=100.00, improvements=15
2025-07-26 13:18:31,107 | INFO | Evolution cycle 154: perf=100.00%, intelligence=100.00, improvements=16
2025-07-26 13:18:41,107 | INFO | Evolution cycle 155: perf=100.00%, intelligence=100.00, improvements=19
2025-07-26 13:18:51,108 | INFO | Evolution cycle 156: perf=100.00%, intelligence=100.00, improvements=16
2025-07-26 13:19:01,108 | INFO | Evolution cycle 157: perf=100.00%, intelligence=100.00, improvements=17
2025-07-26 13:19:11,108 | INFO | Evolution cycle 158: perf=100.00%, intelligence=100.00, improvements=21
2025-07-26 13:19:21,109 | INFO | Evolution cycle 159: perf=100.00%, intelligence=100.00, improvements=19
2025-07-26 13:19:25,253 | INFO | Эволюция приостановлена через API
